d:\workspace\billiardsgame\billiards\billiards\debug\vc140.pdb
d:\workspace\billiardsgame\billiards\billiards\debug\vc140.idb
d:\workspace\billiardsgame\billiards\billiards\debug\button.obj
d:\workspace\billiardsgame\billiards\billiards\debug\cameramanager.obj
d:\workspace\billiardsgame\billiards\billiards\debug\dxdebugdraw.obj
d:\workspace\billiardsgame\billiards\billiards\debug\gameobject.obj
d:\workspace\billiardsgame\billiards\billiards\debug\gameobjectbase.obj
d:\workspace\billiardsgame\billiards\billiards\debug\helloworld.obj
d:\workspace\billiardsgame\billiards\billiards\debug\inputsystem.obj
d:\workspace\billiardsgame\billiards\billiards\debug\label.obj
d:\workspace\billiardsgame\billiards\billiards\debug\mathematics.obj
d:\workspace\billiardsgame\billiards\billiards\debug\poolstick.obj
d:\workspace\billiardsgame\billiards\billiards\debug\quaternion.obj
d:\workspace\billiardsgame\billiards\billiards\debug\scene.obj
d:\workspace\billiardsgame\billiards\billiards\debug\scenegamemain.obj
d:\workspace\billiardsgame\billiards\billiards\debug\scenegamestartmenu.obj
d:\workspace\billiardsgame\billiards\billiards\debug\scenemanager.obj
d:\workspace\billiardsgame\billiards\billiards\debug\sprite.obj
d:\workspace\billiardsgame\billiards\billiards\debug\spritesheet.obj
d:\workspace\billiardsgame\billiards\billiards\debug\system.obj
d:\workspace\billiardsgame\billiards\billiards\debug\ui.obj
d:\workspace\billiardsgame\billiards\billiards\debug\winmain.obj
d:\workspace\billiardsgame\billiards\billiards\debug\ball.obj
d:\workspace\billiardsgame\billiards\billiards\debug\biliardstable.obj
d:\workspace\billiardsgame\billiards\billiards\debug\slider.obj
d:\workspace\billiardsgame\billiards\debug\billiards.pdb
d:\workspace\billiardsgame\billiards\billiards\debug\billiards.tlog\cl.command.1.tlog
d:\workspace\billiardsgame\billiards\billiards\debug\billiards.tlog\cl.read.1.tlog
d:\workspace\billiardsgame\billiards\billiards\debug\billiards.tlog\cl.write.1.tlog
d:\workspace\billiardsgame\billiards\billiards\debug\billiards.tlog\link-cvtres.read.1.tlog
d:\workspace\billiardsgame\billiards\billiards\debug\billiards.tlog\link-cvtres.write.1.tlog
d:\workspace\billiardsgame\billiards\billiards\debug\billiards.tlog\link-rc.read.1.tlog
d:\workspace\billiardsgame\billiards\billiards\debug\billiards.tlog\link-rc.write.1.tlog
d:\workspace\billiardsgame\billiards\billiards\debug\billiards.tlog\link.17832-cvtres.read.1.tlog
d:\workspace\billiardsgame\billiards\billiards\debug\billiards.tlog\link.17832-cvtres.write.1.tlog
d:\workspace\billiardsgame\billiards\billiards\debug\billiards.tlog\link.17832-rc.read.1.tlog
d:\workspace\billiardsgame\billiards\billiards\debug\billiards.tlog\link.17832-rc.write.1.tlog
d:\workspace\billiardsgame\billiards\billiards\debug\billiards.tlog\link.17832.read.1.tlog
d:\workspace\billiardsgame\billiards\billiards\debug\billiards.tlog\link.17832.write.1.tlog
d:\workspace\billiardsgame\billiards\billiards\debug\billiards.tlog\link.command.1.tlog
d:\workspace\billiardsgame\billiards\billiards\debug\billiards.tlog\link.read.1.tlog
d:\workspace\billiardsgame\billiards\billiards\debug\billiards.tlog\link.write.1.tlog
