d:\workspace\billiardsgame\billiards\billiards\release\vc140.pdb
d:\workspace\billiardsgame\billiards\billiards\release\winmain.obj
d:\workspace\billiardsgame\billiards\billiards\release\system.obj
d:\workspace\billiardsgame\billiards\billiards\release\scenemanager.obj
d:\workspace\billiardsgame\billiards\billiards\release\scenegamemain.obj
d:\workspace\billiardsgame\billiards\billiards\release\scene.obj
d:\workspace\billiardsgame\billiards\billiards\release\quaternion.obj
d:\workspace\billiardsgame\billiards\billiards\release\mathematics.obj
d:\workspace\billiardsgame\billiards\billiards\release\inputsystem.obj
d:\workspace\billiardsgame\billiards\billiards\release\helloworld.obj
d:\workspace\billiardsgame\billiards\billiards\release\gameobject.obj
d:\workspace\billiardsgame\billiards\billiards\release\dxdebugdraw.obj
d:\workspace\billiardsgame\billiards\billiards\release\cameramanager.obj
d:\workspace\billiardsgame\billiards\billiards\release\biliardstable.obj
d:\workspace\billiardsgame\billiards\billiards\release\ball.obj
d:\workspace\billiardsgame\billiards\billiards\release\button.obj
d:\workspace\billiardsgame\billiards\billiards\release\sprite.obj
d:\workspace\billiardsgame\billiards\billiards\release\slider.obj
d:\workspace\billiardsgame\billiards\billiards\release\scenegamestartmenu.obj
d:\workspace\billiardsgame\billiards\billiards\release\poolstick.obj
d:\workspace\billiardsgame\billiards\billiards\release\label.obj
d:\workspace\billiardsgame\billiards\billiards\release\ui.obj
d:\workspace\billiardsgame\billiards\billiards\release\spritesheet.obj
d:\workspace\billiardsgame\billiards\billiards\release\gameobjectbase.obj
d:\workspace\billiardsgame\billiards\release\billiards.pdb
d:\workspace\billiardsgame\billiards\billiards\release\billiards.tlog\cl.command.1.tlog
d:\workspace\billiardsgame\billiards\billiards\release\billiards.tlog\cl.read.1.tlog
d:\workspace\billiardsgame\billiards\billiards\release\billiards.tlog\cl.write.1.tlog
d:\workspace\billiardsgame\billiards\billiards\release\billiards.tlog\link.command.1.tlog
d:\workspace\billiardsgame\billiards\billiards\release\billiards.tlog\link.read.1.tlog
d:\workspace\billiardsgame\billiards\billiards\release\billiards.tlog\link.write.1.tlog
